ConfigService:50     [INFO]   initialize config service
ConfigService:62     [INFO]   Could not locate: org.apache.commons.configuration2.io.FileLocator@bb896e9[fileName=scoopi.properties,basePath=<null>,sourceURL=,encoding=ISO-8859-1,fileSystem=<null>,locationStrategy=<null>], use default configs
ConfigService:76     [DEBUG]  PROVIDED

ConfigService:77     [DEBUG]  DEFAULTS
			scoopi.propertyPattern = scoopi/properties/property
			scoopi.defs.dir = /defs/examples/fin/jsoup/quickstart
			scoopi.defs.defaultStepsFile = /steps-default.yml
			scoopi.defs.defaultSteps = jsoupDefault
			scoopi.defs.definedSchema = /schema/defs-defined.json
			scoopi.defs.effectiveSchema = /schema/defs-effective.json
			scoopi.fact.replaceBlank = true
			scoopi.fact.replaceWith = -
			scoopi.seederClass = org.codetab.scoopi.step.extract.LocatorSeeder
			scoopi.poolsize.start = 4
			scoopi.poolsize.seeder = 6
			scoopi.poolsize.loader = 4
			scoopi.poolsize.parser = 4
			scoopi.poolsize.process = 4
			scoopi.poolsize.filter = 4
			scoopi.poolsize.appender = 2
			scoopi.appender.queuesize = 4096
			scoopi.webClient.timeout = 120000
			scoopi.webClient.userAgent = Mozilla/5.0 (X11; Linux x86_64; rv:50.0) Gecko/20100101 Firefox/50.0
			scoopi.webDriver.driverPath = .gecko/geckodriver
			scoopi.webDriver.log = geckodriver.log
			scoopi.webDriver.waitType = explicit
			scoopi.webDriver.timeout.explicitWait = 10
			scoopi.webDriver.timeout.implicitWait = 10
			scoopi.highDate = 31-12-2037 23:59:59.999
			scoopi.dateParsePattern = [dd-MM-yyyy, dd/MM/yyyy]
			scoopi.dateTimeParsePattern = [dd-MM-yyyy HH:mm:ss.SSS, dd/MM/yyyy HH:mm:ss.SSS]
			scoopi.wait = false
			scoopi.fork.locator = 0
			scoopi.useDatastore = true
			scoopi.datastore.name = datastore
			scoopi.datastore.orm = jdo
			scoopi.datastore.configFile = jdoconfig.properties
			scoopi.persist.dataDef = true
			scoopi.persist.locator = true
			scoopi.persist.data = true
			scoopi.metrics.server.enable = true
			scoopi.metrics.server.port = 9010

ConfigService:78     [DEBUG]  config service initialized
ConfigService:79     [INFO]   config precedence: system, user defined, deaults
ConfigService:80     [INFO]   use scoopi.properties or system property to override defaults
PMF:92               [INFO]   initalize JDO PMF
PMF:102              [INFO]    initialized JDO PMF
PMF:103              [DEBUG]  PMF properties 
			datanucleus.schema.autoCreateAll=true
			datanucleus.connectionPool.maxActive=10
			javax.jdo.option.ConnectionPassword=bar
			javax.jdo.option.Mapping=mysql
			datanucleus.persistenceByReachabilityAtCommit=false
			datanucleus.generateSchema.database.mode=none
			datanucleus.metadata.validate=false
			javax.jdo.option.ConnectionURL=jdbc:mariadb://localhost:3306/scoopitest
			javax.jdo.option.ConnectionDriverName=org.mariadb.jdbc.Driver
			datanucleus.connectionPool.testSQL=SELECT count(*) FROM INFORMATION_SCHEMA.TABLES
			javax.jdo.option.RetainValues=true
			javax.jdo.option.ConnectionUserName=foo
			datanucleus.connectionPool.minIdle=10
			datanucleus.connectionPool.maxIdle=10
			datanucleus.cache.level2.type=soft
			javax.jdo.PersistenceManagerFactoryClass=org.datanucleus.api.jdo.JDOPersistenceManagerFactory
			datanucleus.connectionPool.maxWait=60
			datanucleus.connectionPoolingType=DBCP2

ConfigService:50     [INFO]   initialize config service
ConfigService:62     [INFO]   Could not locate: org.apache.commons.configuration2.io.FileLocator@1adde386[fileName=scoopi.properties,basePath=<null>,sourceURL=,encoding=ISO-8859-1,fileSystem=<null>,locationStrategy=<null>], use default configs
ConfigService:76     [DEBUG]  PROVIDED

ConfigService:77     [DEBUG]  DEFAULTS
			scoopi.propertyPattern = scoopi/properties/property
			scoopi.defs.dir = /defs/examples/fin/jsoup/quickstart
			scoopi.defs.defaultStepsFile = /steps-default.yml
			scoopi.defs.defaultSteps = jsoupDefault
			scoopi.defs.definedSchema = /schema/defs-defined.json
			scoopi.defs.effectiveSchema = /schema/defs-effective.json
			scoopi.fact.replaceBlank = true
			scoopi.fact.replaceWith = -
			scoopi.seederClass = org.codetab.scoopi.step.extract.LocatorSeeder
			scoopi.poolsize.start = 4
			scoopi.poolsize.seeder = 6
			scoopi.poolsize.loader = 4
			scoopi.poolsize.parser = 4
			scoopi.poolsize.process = 4
			scoopi.poolsize.filter = 4
			scoopi.poolsize.appender = 2
			scoopi.appender.queuesize = 4096
			scoopi.webClient.timeout = 120000
			scoopi.webClient.userAgent = Mozilla/5.0 (X11; Linux x86_64; rv:50.0) Gecko/20100101 Firefox/50.0
			scoopi.webDriver.driverPath = .gecko/geckodriver
			scoopi.webDriver.log = geckodriver.log
			scoopi.webDriver.waitType = explicit
			scoopi.webDriver.timeout.explicitWait = 10
			scoopi.webDriver.timeout.implicitWait = 10
			scoopi.highDate = 31-12-2037 23:59:59.999
			scoopi.dateParsePattern = [dd-MM-yyyy, dd/MM/yyyy]
			scoopi.dateTimeParsePattern = [dd-MM-yyyy HH:mm:ss.SSS, dd/MM/yyyy HH:mm:ss.SSS]
			scoopi.wait = false
			scoopi.fork.locator = 0
			scoopi.useDatastore = true
			scoopi.datastore.name = datastore
			scoopi.datastore.orm = jdo
			scoopi.datastore.configFile = jdoconfig.properties
			scoopi.persist.dataDef = true
			scoopi.persist.locator = true
			scoopi.persist.data = true
			scoopi.metrics.server.enable = true
			scoopi.metrics.server.port = 9010

ConfigService:78     [DEBUG]  config service initialized
ConfigService:79     [INFO]   config precedence: system, user defined, deaults
ConfigService:80     [INFO]   use scoopi.properties or system property to override defaults
PMF:92               [INFO]   initalize JDO PMF
PMF:102              [INFO]    initialized JDO PMF
PMF:103              [DEBUG]  PMF properties 
			datanucleus.schema.autoCreateAll=true
			datanucleus.connectionPool.maxActive=10
			javax.jdo.option.ConnectionPassword=bar
			javax.jdo.option.Mapping=mysql
			datanucleus.persistenceByReachabilityAtCommit=false
			datanucleus.generateSchema.database.mode=none
			datanucleus.metadata.validate=false
			javax.jdo.option.ConnectionURL=jdbc:mariadb://localhost:3306/scoopitest
			javax.jdo.option.ConnectionDriverName=org.mariadb.jdbc.Driver
			datanucleus.connectionPool.testSQL=SELECT count(*) FROM INFORMATION_SCHEMA.TABLES
			javax.jdo.option.RetainValues=true
			javax.jdo.option.ConnectionUserName=foo
			datanucleus.connectionPool.minIdle=10
			datanucleus.connectionPool.maxIdle=10
			datanucleus.cache.level2.type=soft
			javax.jdo.PersistenceManagerFactoryClass=org.datanucleus.api.jdo.JDOPersistenceManagerFactory
			datanucleus.connectionPool.maxWait=60
			datanucleus.connectionPoolingType=DBCP2

