BaseLoader:119       [DEBUG]  step: loader, job: [acme:bsTask:bs], use locator defined in defs
BaseLoader:120       [TRACE]  defined locator:
org.codetab.scoopi.model.Locator@279ac82f[
  id=<null>
  name=acme
  group=bsGroup
  url=/defs/examples/fin/page/acme-bs.html
  documents=<null>
]
PageLoader:66        [INFO]   fetch resource: /defs/examples/fin/page/acme-bs.html
PageLoader:71        [DEBUG]  fetched resource: /defs/examples/fin/page/acme-bs.html
DocumentHelper:214   [TRACE]  document.toDate. live: PT0S toDate:
BaseLoader:225       [DEBUG]  step: loader, job: [acme:bsTask:bs] create new document, toDate: Sun Nov 17 19:11:51 IST 2019
BaseLoader:227       [TRACE]  create new document
org.codetab.scoopi.model.Document@3e03be05[
  id=<null>
  name=acme
  fromDate=Sun Nov 17 19:11:51 IST 2019
  toDate=Sun Nov 17 19:11:51 IST 2019
  url=/defs/examples/fin/page/acme-bs.html
]
BaseParser:136       [DEBUG]  step: parser, job: [acme:bsTask:bs], parse data
ValueProcessor:182   [TRACE]  [acme:bsTask:bs]:item query

    >>>

NodeSelector:43      [TRACE]  [acme:bsTask:bs], block nodes: 1
NodeSelector:86      [TRACE]  selector: table:contains(Sources Of Funds)

  <table> 
   <tbody>
    <tr> 
     <td colspan="1"></td> 
     <td>Dec '16</td> 
        ...
     <td>28.14</td> 
     <td>23.97</td> 
    </tr> 
   </tbody>
  </table>

NodeSelector:58      [TRACE]  [acme:bsTask:bs], selector nodes: 1
NodeSelector:86      [TRACE]  selector: tr:nth-child(7) > td:nth-child(1)

  <td colspan="1">Equity Share Capital</td>

ValueParser:37       [TRACE]  [acme:bsTask:bs], value: Equity Share Capital
ValueProcessor:182   [TRACE]  [acme:bsTask:bs]:year query

    >>>

NodeSelector:43      [TRACE]  [acme:bsTask:bs], block nodes: 1
NodeSelector:86      [TRACE]  selector: table:contains(Sources Of Funds)

  <table> 
   <tbody>
    <tr> 
     <td colspan="1"></td> 
     <td>Dec '16</td> 
        ...
     <td>28.14</td> 
     <td>23.97</td> 
    </tr> 
   </tbody>
  </table>

NodeSelector:58      [TRACE]  [acme:bsTask:bs], selector nodes: 1
NodeSelector:86      [TRACE]  selector: tr:nth-child(1) > td:nth-child(2)

  <td>Dec '16</td>

ValueParser:37       [TRACE]  [acme:bsTask:bs], value: Dec '16
ValueProcessor:182   [TRACE]  [acme:bsTask:bs]:fact query

    >>>

NodeSelector:43      [TRACE]  [acme:bsTask:bs], block nodes: 1
NodeSelector:86      [TRACE]  selector: table:contains(Sources Of Funds)

  <table> 
   <tbody>
    <tr> 
     <td colspan="1"></td> 
     <td>Dec '16</td> 
        ...
     <td>28.14</td> 
     <td>23.97</td> 
    </tr> 
   </tbody>
  </table>

NodeSelector:58      [TRACE]  [acme:bsTask:bs], selector nodes: 1
NodeSelector:86      [TRACE]  selector: tr:nth-child(7) > td:nth-child(2)

  <td>804.72</td>

ValueParser:37       [TRACE]  [acme:bsTask:bs], value: 804.72
ValueProcessor:182   [TRACE]  [acme:bsTask:bs]:item query

    >>>

NodeSelector:43      [TRACE]  [acme:bsTask:bs], block nodes: 1
NodeSelector:86      [TRACE]  selector: table:contains(Sources Of Funds)

  <table> 
   <tbody>
    <tr> 
     <td colspan="1"></td> 
     <td>Dec '16</td> 
        ...
     <td>28.14</td> 
     <td>23.97</td> 
    </tr> 
   </tbody>
  </table>

NodeSelector:58      [TRACE]  [acme:bsTask:bs], selector nodes: 1
NodeSelector:86      [TRACE]  selector: tr:nth-child(8) > td:nth-child(1)

  <td colspan="1">Reserves</td>

ValueParser:37       [TRACE]  [acme:bsTask:bs], value: Reserves
ValueProcessor:182   [TRACE]  [acme:bsTask:bs]:year query

    >>>

ValueProcessor:182   [TRACE]  [acme:bsTask:bs]:fact query

    >>>

NodeSelector:43      [TRACE]  [acme:bsTask:bs], block nodes: 1
NodeSelector:86      [TRACE]  selector: table:contains(Sources Of Funds)

  <table> 
   <tbody>
    <tr> 
     <td colspan="1"></td> 
     <td>Dec '16</td> 
        ...
     <td>28.14</td> 
     <td>23.97</td> 
    </tr> 
   </tbody>
  </table>

NodeSelector:58      [TRACE]  [acme:bsTask:bs], selector nodes: 1
NodeSelector:86      [TRACE]  selector: tr:nth-child(8) > td:nth-child(2)

  <td>32,071.87</td>

ValueParser:37       [TRACE]  [acme:bsTask:bs], value: 32,071.87
ValueProcessor:182   [TRACE]  [acme:bsTask:bs]:item query

    >>>

NodeSelector:43      [TRACE]  [acme:bsTask:bs], block nodes: 1
NodeSelector:86      [TRACE]  selector: table:contains(Sources Of Funds)

  <table> 
   <tbody>
    <tr> 
     <td colspan="1"></td> 
     <td>Dec '16</td> 
        ...
     <td>28.14</td> 
     <td>23.97</td> 
    </tr> 
   </tbody>
  </table>

NodeSelector:58      [TRACE]  [acme:bsTask:bs], selector nodes: 1
NodeSelector:86      [TRACE]  selector: tr:nth-child(9) > td:nth-child(1)

  <td colspan="1">Networth</td>

ValueParser:37       [TRACE]  [acme:bsTask:bs], value: Networth
ValueProcessor:182   [TRACE]  [acme:bsTask:bs]:year query

    >>>

ValueProcessor:182   [TRACE]  [acme:bsTask:bs]:fact query

    >>>

NodeSelector:43      [TRACE]  [acme:bsTask:bs], block nodes: 1
NodeSelector:86      [TRACE]  selector: table:contains(Sources Of Funds)

  <table> 
   <tbody>
    <tr> 
     <td colspan="1"></td> 
     <td>Dec '16</td> 
        ...
     <td>28.14</td> 
     <td>23.97</td> 
    </tr> 
   </tbody>
  </table>

NodeSelector:58      [TRACE]  [acme:bsTask:bs], selector nodes: 1
NodeSelector:86      [TRACE]  selector: tr:nth-child(9) > td:nth-child(2)

  <td>32,876.59</td>

ValueParser:37       [TRACE]  [acme:bsTask:bs], value: 32,876.59
BaseParser:200       [TRACE]  -- data after parse --
step: parser, job: [acme:bsTask:bs]

BaseParser:163       [TRACE]  parse time: 00:00:00.615
BaseParser:122       [DEBUG]  step: parser, job: [acme:bsTask:bs], persist false, data not stored
Step:74              [DEBUG]  step: parser, job: [acme:bsTask:bs] handover to step: filter
Step:74              [DEBUG]  step: filter, job: [acme:bsTask:bs] handover to step: appender
Step:66              [INFO]   job: acme:bsTask:bs finished
