ConfigService:50     [INFO]   initialize config service
ConfigService:62     [INFO]   Could not locate: org.apache.commons.configuration2.io.FileLocator@bb896e9[fileName=scoopi.properties,basePath=<null>,sourceURL=,encoding=ISO-8859-1,fileSystem=<null>,locationStrategy=<null>], use default configs
ConfigService:75     [TRACE]  SYSTEM
			java.runtime.name = OpenJDK Runtime Environment
			sun.boot.library.path = /usr/lib/jvm/java-8-openjdk-amd64/jre/lib/amd64
			java.vm.version = 25.222-b10
			java.vm.vendor = Private Build
			java.vendor.url = http://java.oracle.com/
			path.separator = :
			java.vm.name = OpenJDK 64-Bit Server VM
			file.encoding.pkg = sun.io
			user.country = IN
			sun.java.launcher = SUN_STANDARD
			sun.os.patch.level = unknown
			java.vm.specification.name = Java Virtual Machine Specification
			user.dir = /orange/data/eclipse-workspace/scoopi/engine
			java.runtime.version = 1.8.0_222-8u222-b10-1ubuntu1~19.04.1-b10
			java.awt.graphicsenv = sun.awt.X11GraphicsEnvironment
			basedir = /orange/data/eclipse-workspace/scoopi/engine
			java.endorsed.dirs = /usr/lib/jvm/java-8-openjdk-amd64/jre/lib/endorsed
			os.arch = amd64
			surefire.real.class.path = /orange/data/eclipse-workspace/scoopi/engine/target/surefire/surefirebooter6290382390074835773.jar:/home/m/.m2/repository/org/jacoco/org.jacoco.agent/0.8.5/org.jacoco.agent-0.8.5-runtime.jar
			java.io.tmpdir = /tmp
			line.separator = 

			java.vm.specification.vendor = Oracle Corporation
			os.name = Linux
			sun.jnu.encoding = UTF-8
			java.library.path = /usr/java/packages/lib/amd64:/usr/lib/x86_64-linux-gnu/jni:/lib/x86_64-linux-gnu:/usr/lib/x86_64-linux-gnu:/usr/lib/jni:/lib:/usr/lib
			surefire.test.class.path = /orange/data/eclipse-workspace/scoopi/engine/target/test-classes:/orange/data/eclipse-workspace/scoopi/engine/target/engine-0.9.6-beta.jar:/home/m/.m2/repository/com/fasterxml/jackson/core/jackson-databind/2.10.1/jackson-databind-2.10.1.jar:/home/m/.m2/repository/com/fasterxml/jackson/core/jackson-annotations/2.10.1/jackson-annotations-2.10.1.jar:/home/m/.m2/repository/com/fasterxml/jackson/core/jackson-core/2.10.1/jackson-core-2.10.1.jar:/home/m/.m2/repository/com/fasterxml/jackson/dataformat/jackson-dataformat-yaml/2.10.1/jackson-dataformat-yaml-2.10.1.jar:/home/m/.m2/repository/org/yaml/snakeyaml/1.24/snakeyaml-1.24.jar:/home/m/.m2/repository/com/github/java-json-tools/json-schema-validator/2.2.11/json-schema-validator-2.2.11.jar:/home/m/.m2/repository/com/github/java-json-tools/json-schema-core/1.2.10/json-schema-core-1.2.10.jar:/home/m/.m2/repository/com/github/java-json-tools/jackson-coreutils/1.9/jackson-coreutils-1.9.jar:/home/m/.m2/repository/com/github/fge/msg-simple/1.1/msg-simple-1.1.jar:/home/m/.m2/repository/com/github/fge/btf/1.2/btf-1.2.jar:/home/m/.m2/repository/com/github/fge/uri-template/0.9/uri-template-0.9.jar:/home/m/.m2/repository/org/mozilla/rhino/1.7.7.1/rhino-1.7.7.1.jar:/home/m/.m2/repository/com/sun/mail/mailapi/1.6.1/mailapi-1.6.1.jar:/home/m/.m2/repository/javax/activation/activation/1.1/activation-1.1.jar:/home/m/.m2/repository/joda-time/joda-time/2.9.7/joda-time-2.9.7.jar:/home/m/.m2/repository/com/googlecode/libphonenumber/libphonenumber/8.0.0/libphonenumber-8.0.0.jar:/home/m/.m2/repository/com/google/code/findbugs/jsr305/3.0.2/jsr305-3.0.2.jar:/home/m/.m2/repository/net/sf/jopt-simple/jopt-simple/5.0.3/jopt-simple-5.0.3.jar:/home/m/.m2/repository/com/google/guava/guava/28.1-jre/guava-28.1-jre.jar:/home/m/.m2/repository/com/google/guava/failureaccess/1.0.1/failureaccess-1.0.1.jar:/home/m/.m2/repository/com/google/guava/listenablefuture/9999.0-empty-to-avoid-conflict-with-guava/listenablefuture-9999.0-empty-to-avoid-conflict-with-guava.jar:/home/m/.m2/repository/org/checkerframework/checker-qual/2.8.1/checker-qual-2.8.1.jar:/home/m/.m2/repository/com/google/errorprone/error_prone_annotations/2.3.2/error_prone_annotations-2.3.2.jar:/home/m/.m2/repository/com/google/j2objc/j2objc-annotations/1.3/j2objc-annotations-1.3.jar:/home/m/.m2/repository/org/codehaus/mojo/animal-sniffer-annotations/1.18/animal-sniffer-annotations-1.18.jar:/home/m/.m2/repository/junit/junit/4.12/junit-4.12.jar:/home/m/.m2/repository/org/hamcrest/hamcrest-core/1.3/hamcrest-core-1.3.jar:/home/m/.m2/repository/net/sourceforge/htmlunit/htmlunit/2.36.0/htmlunit-2.36.0.jar:/home/m/.m2/repository/xalan/xalan/2.7.2/xalan-2.7.2.jar:/home/m/.m2/repository/xalan/serializer/2.7.2/serializer-2.7.2.jar:/home/m/.m2/repository/org/apache/httpcomponents/httpmime/4.5.9/httpmime-4.5.9.jar:/home/m/.m2/repository/org/apache/httpcomponents/httpclient/4.5.9/httpclient-4.5.9.jar:/home/m/.m2/repository/org/apache/httpcomponents/httpcore/4.4.11/httpcore-4.4.11.jar:/home/m/.m2/repository/commons-codec/commons-codec/1.11/commons-codec-1.11.jar:/home/m/.m2/repository/net/sourceforge/htmlunit/htmlunit-core-js/2.36.0/htmlunit-core-js-2.36.0.jar:/home/m/.m2/repository/net/sourceforge/htmlunit/neko-htmlunit/2.36.0/neko-htmlunit-2.36.0.jar:/home/m/.m2/repository/xerces/xercesImpl/2.12.0/xercesImpl-2.12.0.jar:/home/m/.m2/repository/xml-apis/xml-apis/1.4.01/xml-apis-1.4.01.jar:/home/m/.m2/repository/net/sourceforge/htmlunit/htmlunit-cssparser/1.5.0/htmlunit-cssparser-1.5.0.jar:/home/m/.m2/repository/commons-io/commons-io/2.6/commons-io-2.6.jar:/home/m/.m2/repository/commons-logging/commons-logging/1.2/commons-logging-1.2.jar:/home/m/.m2/repository/commons-net/commons-net/3.6/commons-net-3.6.jar:/home/m/.m2/repository/org/brotli/dec/0.1.2/dec-0.1.2.jar:/home/m/.m2/repository/org/eclipse/jetty/websocket/websocket-client/9.4.20.v20190813/websocket-client-9.4.20.v20190813.jar:/home/m/.m2/repository/org/eclipse/jetty/jetty-client/9.4.20.v20190813/jetty-client-9.4.20.v20190813.jar:/home/m/.m2/repository/org/eclipse/jetty/websocket/websocket-common/9.4.20.v20190813/websocket-common-9.4.20.v20190813.jar:/home/m/.m2/repository/org/eclipse/jetty/websocket/websocket-api/9.4.20.v20190813/websocket-api-9.4.20.v20190813.jar:/home/m/.m2/repository/org/jsoup/jsoup/1.12.1/jsoup-1.12.1.jar:/home/m/.m2/repository/org/seleniumhq/selenium/selenium-server/3.141.59/selenium-server-3.141.59.jar:/home/m/.m2/repository/org/seleniumhq/selenium/selenium-java/3.141.59/selenium-java-3.141.59.jar:/home/m/.m2/repository/org/seleniumhq/selenium/selenium-api/3.141.59/selenium-api-3.141.59.jar:/home/m/.m2/repository/org/seleniumhq/selenium/selenium-chrome-driver/3.141.59/selenium-chrome-driver-3.141.59.jar:/home/m/.m2/repository/org/seleniumhq/selenium/selenium-edge-driver/3.141.59/selenium-edge-driver-3.141.59.jar:/home/m/.m2/repository/org/seleniumhq/selenium/selenium-firefox-driver/3.141.59/selenium-firefox-driver-3.141.59.jar:/home/m/.m2/repository/org/seleniumhq/selenium/selenium-ie-driver/3.141.59/selenium-ie-driver-3.141.59.jar:/home/m/.m2/repository/org/seleniumhq/selenium/selenium-opera-driver/3.141.59/selenium-opera-driver-3.141.59.jar:/home/m/.m2/repository/org/seleniumhq/selenium/selenium-remote-driver/3.141.59/selenium-remote-driver-3.141.59.jar:/home/m/.m2/repository/org/seleniumhq/selenium/selenium-safari-driver/3.141.59/selenium-safari-driver-3.141.59.jar:/home/m/.m2/repository/org/seleniumhq/selenium/selenium-support/3.141.59/selenium-support-3.141.59.jar:/home/m/.m2/repository/com/beust/jcommander/1.72/jcommander-1.72.jar:/home/m/.m2/repository/org/apache/commons/commons-exec/1.3/commons-exec-1.3.jar:/home/m/.m2/repository/org/seleniumhq/selenium/jetty-repacked/9.4.12.v20180830/jetty-repacked-9.4.12.v20180830.jar:/home/m/.m2/repository/com/squareup/okhttp3/okhttp/3.11.0/okhttp-3.11.0.jar:/home/m/.m2/repository/com/squareup/okio/okio/1.14.0/okio-1.14.0.jar:/home/m/.m2/repository/javax/servlet/javax.servlet-api/3.1.0/javax.servlet-api-3.1.0.jar:/home/m/.m2/repository/ch/qos/logback/logback-classic/1.2.3/logback-classic-1.2.3.jar:/home/m/.m2/repository/ch/qos/logback/logback-core/1.2.3/logback-core-1.2.3.jar:/home/m/.m2/repository/org/slf4j/slf4j-api/1.7.25/slf4j-api-1.7.25.jar:/home/m/.m2/repository/log4j/log4j/1.2.17/log4j-1.2.17.jar:/home/m/.m2/repository/org/datanucleus/javax.jdo/3.2.0-m12/javax.jdo-3.2.0-m12.jar:/home/m/.m2/repository/javax/transaction/transaction-api/1.1/transaction-api-1.1.jar:/home/m/.m2/repository/org/datanucleus/datanucleus-core/5.2.2/datanucleus-core-5.2.2.jar:/home/m/.m2/repository/org/datanucleus/datanucleus-api-jdo/5.2.2/datanucleus-api-jdo-5.2.2.jar:/home/m/.m2/repository/org/datanucleus/datanucleus-jdo-query/5.0.9/datanucleus-jdo-query-5.0.9.jar:/home/m/.m2/repository/org/datanucleus/datanucleus-rdbms/5.2.1/datanucleus-rdbms-5.2.1.jar:/home/m/.m2/repository/org/apache/commons/commons-dbcp2/2.7.0/commons-dbcp2-2.7.0.jar:/home/m/.m2/repository/org/hsqldb/hsqldb/2.4.1/hsqldb-2.4.1.jar:/home/m/.m2/repository/org/mariadb/jdbc/mariadb-java-client/2.2.5/mariadb-java-client-2.2.5.jar:/home/m/.m2/repository/mysql/mysql-connector-java/5.1.43/mysql-connector-java-5.1.43.jar:/home/m/.m2/repository/com/google/code/gson/gson/2.8.6/gson-2.8.6.jar:/home/m/.m2/repository/org/apache/commons/commons-configuration2/2.6/commons-configuration2-2.6.jar:/home/m/.m2/repository/commons-beanutils/commons-beanutils/1.9.4/commons-beanutils-1.9.4.jar:/home/m/.m2/repository/commons-collections/commons-collections/3.2.2/commons-collections-3.2.2.jar:/home/m/.m2/repository/org/apache/commons/commons-lang3/3.9/commons-lang3-3.9.jar:/home/m/.m2/repository/org/apache/commons/commons-text/1.8/commons-text-1.8.jar:/home/m/.m2/repository/commons-validator/commons-validator/1.6/commons-validator-1.6.jar:/home/m/.m2/repository/commons-digester/commons-digester/1.8.1/commons-digester-1.8.1.jar:/home/m/.m2/repository/org/apache/commons/commons-csv/1.7/commons-csv-1.7.jar:/home/m/.m2/repository/org/apache/commons/commons-pool2/2.7.0/commons-pool2-2.7.0.jar:/home/m/.m2/repository/net/jcip/jcip-annotations/1.0/jcip-annotations-1.0.jar:/home/m/.m2/repository/org/mockito/mockito-core/3.1.0/mockito-core-3.1.0.jar:/home/m/.m2/repository/org/objenesis/objenesis/2.6/objenesis-2.6.jar:/home/m/.m2/repository/org/mockito/mockito-inline/3.1.0/mockito-inline-3.1.0.jar:/home/m/.m2/repository/net/bytebuddy/byte-buddy/1.9.10/byte-buddy-1.9.10.jar:/home/m/.m2/repository/net/bytebuddy/byte-buddy-agent/1.9.10/byte-buddy-agent-1.9.10.jar:/home/m/.m2/repository/org/assertj/assertj-core/3.14.0/assertj-core-3.14.0.jar:/home/m/.m2/repository/com/google/inject/guice/4.2.2/guice-4.2.2.jar:/home/m/.m2/repository/javax/inject/javax.inject/1/javax.inject-1.jar:/home/m/.m2/repository/aopalliance/aopalliance/1.0/aopalliance-1.0.jar:/home/m/.m2/repository/com/google/inject/extensions/guice-assistedinject/4.2.2/guice-assistedinject-4.2.2.jar:/home/m/.m2/repository/org/eclipse/jetty/jetty-webapp/9.4.14.v20181114/jetty-webapp-9.4.14.v20181114.jar:/home/m/.m2/repository/org/eclipse/jetty/jetty-xml/9.4.14.v20181114/jetty-xml-9.4.14.v20181114.jar:/home/m/.m2/repository/org/eclipse/jetty/jetty-servlet/9.4.14.v20181114/jetty-servlet-9.4.14.v20181114.jar:/home/m/.m2/repository/org/eclipse/jetty/jetty-security/9.4.14.v20181114/jetty-security-9.4.14.v20181114.jar:/home/m/.m2/repository/org/eclipse/jetty/jetty-server/9.4.14.v20181114/jetty-server-9.4.14.v20181114.jar:/home/m/.m2/repository/org/eclipse/jetty/jetty-servlets/9.4.14.v20181114/jetty-servlets-9.4.14.v20181114.jar:/home/m/.m2/repository/org/eclipse/jetty/jetty-continuation/9.4.14.v20181114/jetty-continuation-9.4.14.v20181114.jar:/home/m/.m2/repository/org/eclipse/jetty/jetty-http/9.4.14.v20181114/jetty-http-9.4.14.v20181114.jar:/home/m/.m2/repository/org/eclipse/jetty/jetty-util/9.4.14.v20181114/jetty-util-9.4.14.v20181114.jar:/home/m/.m2/repository/org/eclipse/jetty/jetty-io/9.4.14.v20181114/jetty-io-9.4.14.v20181114.jar:/home/m/.m2/repository/io/dropwizard/metrics/metrics-core/4.1.1/metrics-core-4.1.1.jar:/home/m/.m2/repository/io/dropwizard/metrics/metrics-servlets/4.1.1/metrics-servlets-4.1.1.jar:/home/m/.m2/repository/io/dropwizard/metrics/metrics-healthchecks/4.1.1/metrics-healthchecks-4.1.1.jar:/home/m/.m2/repository/io/dropwizard/metrics/metrics-json/4.1.1/metrics-json-4.1.1.jar:/home/m/.m2/repository/io/dropwizard/metrics/metrics-jvm/4.1.1/metrics-jvm-4.1.1.jar:/home/m/.m2/repository/com/helger/profiler/1.1.1/profiler-1.1.1.jar:
			java.specification.name = Java Platform API Specification
			java.class.version = 52.0
			sun.management.compiler = HotSpot 64-Bit Tiered Compilers
			os.version = 5.0.0-36-generic
			user.home = /home/m
			user.timezone = Asia/Kolkata
			java.awt.printerjob = sun.print.PSPrinterJob
			file.encoding = UTF-8
			java.specification.version = 1.8
			user.name = m
			java.class.path = /orange/data/eclipse-workspace/scoopi/engine/target/test-classes:/orange/data/eclipse-workspace/scoopi/engine/target/engine-0.9.6-beta.jar:/home/m/.m2/repository/com/fasterxml/jackson/core/jackson-databind/2.10.1/jackson-databind-2.10.1.jar:/home/m/.m2/repository/com/fasterxml/jackson/core/jackson-annotations/2.10.1/jackson-annotations-2.10.1.jar:/home/m/.m2/repository/com/fasterxml/jackson/core/jackson-core/2.10.1/jackson-core-2.10.1.jar:/home/m/.m2/repository/com/fasterxml/jackson/dataformat/jackson-dataformat-yaml/2.10.1/jackson-dataformat-yaml-2.10.1.jar:/home/m/.m2/repository/org/yaml/snakeyaml/1.24/snakeyaml-1.24.jar:/home/m/.m2/repository/com/github/java-json-tools/json-schema-validator/2.2.11/json-schema-validator-2.2.11.jar:/home/m/.m2/repository/com/github/java-json-tools/json-schema-core/1.2.10/json-schema-core-1.2.10.jar:/home/m/.m2/repository/com/github/java-json-tools/jackson-coreutils/1.9/jackson-coreutils-1.9.jar:/home/m/.m2/repository/com/github/fge/msg-simple/1.1/msg-simple-1.1.jar:/home/m/.m2/repository/com/github/fge/btf/1.2/btf-1.2.jar:/home/m/.m2/repository/com/github/fge/uri-template/0.9/uri-template-0.9.jar:/home/m/.m2/repository/org/mozilla/rhino/1.7.7.1/rhino-1.7.7.1.jar:/home/m/.m2/repository/com/sun/mail/mailapi/1.6.1/mailapi-1.6.1.jar:/home/m/.m2/repository/javax/activation/activation/1.1/activation-1.1.jar:/home/m/.m2/repository/joda-time/joda-time/2.9.7/joda-time-2.9.7.jar:/home/m/.m2/repository/com/googlecode/libphonenumber/libphonenumber/8.0.0/libphonenumber-8.0.0.jar:/home/m/.m2/repository/com/google/code/findbugs/jsr305/3.0.2/jsr305-3.0.2.jar:/home/m/.m2/repository/net/sf/jopt-simple/jopt-simple/5.0.3/jopt-simple-5.0.3.jar:/home/m/.m2/repository/com/google/guava/guava/28.1-jre/guava-28.1-jre.jar:/home/m/.m2/repository/com/google/guava/failureaccess/1.0.1/failureaccess-1.0.1.jar:/home/m/.m2/repository/com/google/guava/listenablefuture/9999.0-empty-to-avoid-conflict-with-guava/listenablefuture-9999.0-empty-to-avoid-conflict-with-guava.jar:/home/m/.m2/repository/org/checkerframework/checker-qual/2.8.1/checker-qual-2.8.1.jar:/home/m/.m2/repository/com/google/errorprone/error_prone_annotations/2.3.2/error_prone_annotations-2.3.2.jar:/home/m/.m2/repository/com/google/j2objc/j2objc-annotations/1.3/j2objc-annotations-1.3.jar:/home/m/.m2/repository/org/codehaus/mojo/animal-sniffer-annotations/1.18/animal-sniffer-annotations-1.18.jar:/home/m/.m2/repository/junit/junit/4.12/junit-4.12.jar:/home/m/.m2/repository/org/hamcrest/hamcrest-core/1.3/hamcrest-core-1.3.jar:/home/m/.m2/repository/net/sourceforge/htmlunit/htmlunit/2.36.0/htmlunit-2.36.0.jar:/home/m/.m2/repository/xalan/xalan/2.7.2/xalan-2.7.2.jar:/home/m/.m2/repository/xalan/serializer/2.7.2/serializer-2.7.2.jar:/home/m/.m2/repository/org/apache/httpcomponents/httpmime/4.5.9/httpmime-4.5.9.jar:/home/m/.m2/repository/org/apache/httpcomponents/httpclient/4.5.9/httpclient-4.5.9.jar:/home/m/.m2/repository/org/apache/httpcomponents/httpcore/4.4.11/httpcore-4.4.11.jar:/home/m/.m2/repository/commons-codec/commons-codec/1.11/commons-codec-1.11.jar:/home/m/.m2/repository/net/sourceforge/htmlunit/htmlunit-core-js/2.36.0/htmlunit-core-js-2.36.0.jar:/home/m/.m2/repository/net/sourceforge/htmlunit/neko-htmlunit/2.36.0/neko-htmlunit-2.36.0.jar:/home/m/.m2/repository/xerces/xercesImpl/2.12.0/xercesImpl-2.12.0.jar:/home/m/.m2/repository/xml-apis/xml-apis/1.4.01/xml-apis-1.4.01.jar:/home/m/.m2/repository/net/sourceforge/htmlunit/htmlunit-cssparser/1.5.0/htmlunit-cssparser-1.5.0.jar:/home/m/.m2/repository/commons-io/commons-io/2.6/commons-io-2.6.jar:/home/m/.m2/repository/commons-logging/commons-logging/1.2/commons-logging-1.2.jar:/home/m/.m2/repository/commons-net/commons-net/3.6/commons-net-3.6.jar:/home/m/.m2/repository/org/brotli/dec/0.1.2/dec-0.1.2.jar:/home/m/.m2/repository/org/eclipse/jetty/websocket/websocket-client/9.4.20.v20190813/websocket-client-9.4.20.v20190813.jar:/home/m/.m2/repository/org/eclipse/jetty/jetty-client/9.4.20.v20190813/jetty-client-9.4.20.v20190813.jar:/home/m/.m2/repository/org/eclipse/jetty/websocket/websocket-common/9.4.20.v20190813/websocket-common-9.4.20.v20190813.jar:/home/m/.m2/repository/org/eclipse/jetty/websocket/websocket-api/9.4.20.v20190813/websocket-api-9.4.20.v20190813.jar:/home/m/.m2/repository/org/jsoup/jsoup/1.12.1/jsoup-1.12.1.jar:/home/m/.m2/repository/org/seleniumhq/selenium/selenium-server/3.141.59/selenium-server-3.141.59.jar:/home/m/.m2/repository/org/seleniumhq/selenium/selenium-java/3.141.59/selenium-java-3.141.59.jar:/home/m/.m2/repository/org/seleniumhq/selenium/selenium-api/3.141.59/selenium-api-3.141.59.jar:/home/m/.m2/repository/org/seleniumhq/selenium/selenium-chrome-driver/3.141.59/selenium-chrome-driver-3.141.59.jar:/home/m/.m2/repository/org/seleniumhq/selenium/selenium-edge-driver/3.141.59/selenium-edge-driver-3.141.59.jar:/home/m/.m2/repository/org/seleniumhq/selenium/selenium-firefox-driver/3.141.59/selenium-firefox-driver-3.141.59.jar:/home/m/.m2/repository/org/seleniumhq/selenium/selenium-ie-driver/3.141.59/selenium-ie-driver-3.141.59.jar:/home/m/.m2/repository/org/seleniumhq/selenium/selenium-opera-driver/3.141.59/selenium-opera-driver-3.141.59.jar:/home/m/.m2/repository/org/seleniumhq/selenium/selenium-remote-driver/3.141.59/selenium-remote-driver-3.141.59.jar:/home/m/.m2/repository/org/seleniumhq/selenium/selenium-safari-driver/3.141.59/selenium-safari-driver-3.141.59.jar:/home/m/.m2/repository/org/seleniumhq/selenium/selenium-support/3.141.59/selenium-support-3.141.59.jar:/home/m/.m2/repository/com/beust/jcommander/1.72/jcommander-1.72.jar:/home/m/.m2/repository/org/apache/commons/commons-exec/1.3/commons-exec-1.3.jar:/home/m/.m2/repository/org/seleniumhq/selenium/jetty-repacked/9.4.12.v20180830/jetty-repacked-9.4.12.v20180830.jar:/home/m/.m2/repository/com/squareup/okhttp3/okhttp/3.11.0/okhttp-3.11.0.jar:/home/m/.m2/repository/com/squareup/okio/okio/1.14.0/okio-1.14.0.jar:/home/m/.m2/repository/javax/servlet/javax.servlet-api/3.1.0/javax.servlet-api-3.1.0.jar:/home/m/.m2/repository/ch/qos/logback/logback-classic/1.2.3/logback-classic-1.2.3.jar:/home/m/.m2/repository/ch/qos/logback/logback-core/1.2.3/logback-core-1.2.3.jar:/home/m/.m2/repository/org/slf4j/slf4j-api/1.7.25/slf4j-api-1.7.25.jar:/home/m/.m2/repository/log4j/log4j/1.2.17/log4j-1.2.17.jar:/home/m/.m2/repository/org/datanucleus/javax.jdo/3.2.0-m12/javax.jdo-3.2.0-m12.jar:/home/m/.m2/repository/javax/transaction/transaction-api/1.1/transaction-api-1.1.jar:/home/m/.m2/repository/org/datanucleus/datanucleus-core/5.2.2/datanucleus-core-5.2.2.jar:/home/m/.m2/repository/org/datanucleus/datanucleus-api-jdo/5.2.2/datanucleus-api-jdo-5.2.2.jar:/home/m/.m2/repository/org/datanucleus/datanucleus-jdo-query/5.0.9/datanucleus-jdo-query-5.0.9.jar:/home/m/.m2/repository/org/datanucleus/datanucleus-rdbms/5.2.1/datanucleus-rdbms-5.2.1.jar:/home/m/.m2/repository/org/apache/commons/commons-dbcp2/2.7.0/commons-dbcp2-2.7.0.jar:/home/m/.m2/repository/org/hsqldb/hsqldb/2.4.1/hsqldb-2.4.1.jar:/home/m/.m2/repository/org/mariadb/jdbc/mariadb-java-client/2.2.5/mariadb-java-client-2.2.5.jar:/home/m/.m2/repository/mysql/mysql-connector-java/5.1.43/mysql-connector-java-5.1.43.jar:/home/m/.m2/repository/com/google/code/gson/gson/2.8.6/gson-2.8.6.jar:/home/m/.m2/repository/org/apache/commons/commons-configuration2/2.6/commons-configuration2-2.6.jar:/home/m/.m2/repository/commons-beanutils/commons-beanutils/1.9.4/commons-beanutils-1.9.4.jar:/home/m/.m2/repository/commons-collections/commons-collections/3.2.2/commons-collections-3.2.2.jar:/home/m/.m2/repository/org/apache/commons/commons-lang3/3.9/commons-lang3-3.9.jar:/home/m/.m2/repository/org/apache/commons/commons-text/1.8/commons-text-1.8.jar:/home/m/.m2/repository/commons-validator/commons-validator/1.6/commons-validator-1.6.jar:/home/m/.m2/repository/commons-digester/commons-digester/1.8.1/commons-digester-1.8.1.jar:/home/m/.m2/repository/org/apache/commons/commons-csv/1.7/commons-csv-1.7.jar:/home/m/.m2/repository/org/apache/commons/commons-pool2/2.7.0/commons-pool2-2.7.0.jar:/home/m/.m2/repository/net/jcip/jcip-annotations/1.0/jcip-annotations-1.0.jar:/home/m/.m2/repository/org/mockito/mockito-core/3.1.0/mockito-core-3.1.0.jar:/home/m/.m2/repository/org/objenesis/objenesis/2.6/objenesis-2.6.jar:/home/m/.m2/repository/org/mockito/mockito-inline/3.1.0/mockito-inline-3.1.0.jar:/home/m/.m2/repository/net/bytebuddy/byte-buddy/1.9.10/byte-buddy-1.9.10.jar:/home/m/.m2/repository/net/bytebuddy/byte-buddy-agent/1.9.10/byte-buddy-agent-1.9.10.jar:/home/m/.m2/repository/org/assertj/assertj-core/3.14.0/assertj-core-3.14.0.jar:/home/m/.m2/repository/com/google/inject/guice/4.2.2/guice-4.2.2.jar:/home/m/.m2/repository/javax/inject/javax.inject/1/javax.inject-1.jar:/home/m/.m2/repository/aopalliance/aopalliance/1.0/aopalliance-1.0.jar:/home/m/.m2/repository/com/google/inject/extensions/guice-assistedinject/4.2.2/guice-assistedinject-4.2.2.jar:/home/m/.m2/repository/org/eclipse/jetty/jetty-webapp/9.4.14.v20181114/jetty-webapp-9.4.14.v20181114.jar:/home/m/.m2/repository/org/eclipse/jetty/jetty-xml/9.4.14.v20181114/jetty-xml-9.4.14.v20181114.jar:/home/m/.m2/repository/org/eclipse/jetty/jetty-servlet/9.4.14.v20181114/jetty-servlet-9.4.14.v20181114.jar:/home/m/.m2/repository/org/eclipse/jetty/jetty-security/9.4.14.v20181114/jetty-security-9.4.14.v20181114.jar:/home/m/.m2/repository/org/eclipse/jetty/jetty-server/9.4.14.v20181114/jetty-server-9.4.14.v20181114.jar:/home/m/.m2/repository/org/eclipse/jetty/jetty-servlets/9.4.14.v20181114/jetty-servlets-9.4.14.v20181114.jar:/home/m/.m2/repository/org/eclipse/jetty/jetty-continuation/9.4.14.v20181114/jetty-continuation-9.4.14.v20181114.jar:/home/m/.m2/repository/org/eclipse/jetty/jetty-http/9.4.14.v20181114/jetty-http-9.4.14.v20181114.jar:/home/m/.m2/repository/org/eclipse/jetty/jetty-util/9.4.14.v20181114/jetty-util-9.4.14.v20181114.jar:/home/m/.m2/repository/org/eclipse/jetty/jetty-io/9.4.14.v20181114/jetty-io-9.4.14.v20181114.jar:/home/m/.m2/repository/io/dropwizard/metrics/metrics-core/4.1.1/metrics-core-4.1.1.jar:/home/m/.m2/repository/io/dropwizard/metrics/metrics-servlets/4.1.1/metrics-servlets-4.1.1.jar:/home/m/.m2/repository/io/dropwizard/metrics/metrics-healthchecks/4.1.1/metrics-healthchecks-4.1.1.jar:/home/m/.m2/repository/io/dropwizard/metrics/metrics-json/4.1.1/metrics-json-4.1.1.jar:/home/m/.m2/repository/io/dropwizard/metrics/metrics-jvm/4.1.1/metrics-jvm-4.1.1.jar:/home/m/.m2/repository/com/helger/profiler/1.1.1/profiler-1.1.1.jar:
			java.vm.specification.version = 1.8
			sun.arch.data.model = 64
			java.home = /usr/lib/jvm/java-8-openjdk-amd64/jre
			sun.java.command = /orange/data/eclipse-workspace/scoopi/engine/target/surefire/surefirebooter6290382390074835773.jar /orange/data/eclipse-workspace/scoopi/engine/target/surefire 2019-11-18T11-03-16_094-jvmRun1 surefire4099957400483968691tmp surefire_08679727486177121208tmp
			java.specification.vendor = Oracle Corporation
			user.language = en
			awt.toolkit = sun.awt.X11.XToolkit
			java.vm.info = mixed mode
			java.version = 1.8.0_222
			java.ext.dirs = /usr/lib/jvm/java-8-openjdk-amd64/jre/lib/ext:/usr/java/packages/lib/ext
			sun.boot.class.path = /usr/lib/jvm/java-8-openjdk-amd64/jre/lib/resources.jar:/usr/lib/jvm/java-8-openjdk-amd64/jre/lib/rt.jar:/usr/lib/jvm/java-8-openjdk-amd64/jre/lib/sunrsasign.jar:/usr/lib/jvm/java-8-openjdk-amd64/jre/lib/jsse.jar:/usr/lib/jvm/java-8-openjdk-amd64/jre/lib/jce.jar:/usr/lib/jvm/java-8-openjdk-amd64/jre/lib/charsets.jar:/usr/lib/jvm/java-8-openjdk-amd64/jre/lib/jfr.jar:/usr/lib/jvm/java-8-openjdk-amd64/jre/classes
			java.vendor = Private Build
			localRepository = /home/m/.m2/repository
			file.separator = /
			java.vendor.url.bug = http://bugreport.sun.com/bugreport/
			sun.cpu.endian = little
			sun.io.unicode.encoding = UnicodeLittle
			sun.desktop = gnome
			sun.cpu.isalist = 

ConfigService:76     [DEBUG]  PROVIDED

ConfigService:77     [DEBUG]  DEFAULTS
			scoopi.propertyPattern = scoopi/properties/property
			scoopi.defs.dir = /defs/examples/fin/jsoup/quickstart
			scoopi.defs.defaultStepsFile = /steps-default.yml
			scoopi.defs.defaultSteps = jsoupDefault
			scoopi.defs.definedSchema = /schema/defs-defined.json
			scoopi.defs.effectiveSchema = /schema/defs-effective.json
			scoopi.fact.replaceBlank = true
			scoopi.fact.replaceWith = -
			scoopi.seederClass = org.codetab.scoopi.step.extract.LocatorSeeder
			scoopi.poolsize.start = 4
			scoopi.poolsize.seeder = 6
			scoopi.poolsize.loader = 4
			scoopi.poolsize.parser = 4
			scoopi.poolsize.process = 4
			scoopi.poolsize.filter = 4
			scoopi.poolsize.appender = 2
			scoopi.appender.queuesize = 4096
			scoopi.webClient.timeout = 120000
			scoopi.webClient.userAgent = Mozilla/5.0 (X11; Linux x86_64; rv:50.0) Gecko/20100101 Firefox/50.0
			scoopi.webDriver.driverPath = .gecko/geckodriver
			scoopi.webDriver.log = geckodriver.log
			scoopi.webDriver.waitType = explicit
			scoopi.webDriver.timeout.explicitWait = 10
			scoopi.webDriver.timeout.implicitWait = 10
			scoopi.highDate = 31-12-2037 23:59:59.999
			scoopi.dateParsePattern = [dd-MM-yyyy, dd/MM/yyyy]
			scoopi.dateTimeParsePattern = [dd-MM-yyyy HH:mm:ss.SSS, dd/MM/yyyy HH:mm:ss.SSS]
			scoopi.wait = false
			scoopi.fork.locator = 0
			scoopi.useDatastore = true
			scoopi.datastore.name = datastore
			scoopi.datastore.orm = jdo
			scoopi.datastore.configFile = jdoconfig.properties
			scoopi.persist.dataDef = true
			scoopi.persist.locator = true
			scoopi.persist.data = true
			scoopi.metrics.server.enable = true
			scoopi.metrics.server.port = 9010

ConfigService:78     [DEBUG]  config service initialized
ConfigService:79     [INFO]   config precedence: system, user defined, deaults
ConfigService:80     [INFO]   use scoopi.properties or system property to override defaults
PMF:92               [INFO]   initalize JDO PMF
PMF:102              [INFO]    initialized JDO PMF
PMF:103              [DEBUG]  PMF properties 
			datanucleus.schema.autoCreateAll=true
			datanucleus.connectionPool.maxActive=10
			javax.jdo.option.ConnectionPassword=bar
			javax.jdo.option.Mapping=mysql
			datanucleus.persistenceByReachabilityAtCommit=false
			datanucleus.generateSchema.database.mode=none
			datanucleus.metadata.validate=false
			javax.jdo.option.ConnectionURL=jdbc:mariadb://localhost:3306/scoopitest
			javax.jdo.option.ConnectionDriverName=org.mariadb.jdbc.Driver
			datanucleus.connectionPool.testSQL=SELECT count(*) FROM INFORMATION_SCHEMA.TABLES
			javax.jdo.option.RetainValues=true
			javax.jdo.option.ConnectionUserName=foo
			datanucleus.connectionPool.minIdle=10
			datanucleus.connectionPool.maxIdle=10
			datanucleus.cache.level2.type=soft
			javax.jdo.PersistenceManagerFactoryClass=org.datanucleus.api.jdo.JDOPersistenceManagerFactory
			datanucleus.connectionPool.maxWait=60
			datanucleus.connectionPoolingType=DBCP2

ConfigService:50     [INFO]   initialize config service
ConfigService:62     [INFO]   Could not locate: org.apache.commons.configuration2.io.FileLocator@1adde386[fileName=scoopi.properties,basePath=<null>,sourceURL=,encoding=ISO-8859-1,fileSystem=<null>,locationStrategy=<null>], use default configs
ConfigService:75     [TRACE]  SYSTEM
			java.runtime.name = OpenJDK Runtime Environment
			sun.boot.library.path = /usr/lib/jvm/java-8-openjdk-amd64/jre/lib/amd64
			java.vm.version = 25.222-b10
			java.vm.vendor = Private Build
			java.vendor.url = http://java.oracle.com/
			path.separator = :
			java.vm.name = OpenJDK 64-Bit Server VM
			file.encoding.pkg = sun.io
			user.country = IN
			sun.java.launcher = SUN_STANDARD
			sun.os.patch.level = unknown
			java.vm.specification.name = Java Virtual Machine Specification
			user.dir = /orange/data/eclipse-workspace/scoopi/engine
			java.runtime.version = 1.8.0_222-8u222-b10-1ubuntu1~19.04.1-b10
			java.awt.graphicsenv = sun.awt.X11GraphicsEnvironment
			basedir = /orange/data/eclipse-workspace/scoopi/engine
			java.endorsed.dirs = /usr/lib/jvm/java-8-openjdk-amd64/jre/lib/endorsed
			os.arch = amd64
			surefire.real.class.path = /orange/data/eclipse-workspace/scoopi/engine/target/surefire/surefirebooter6290382390074835773.jar:/home/m/.m2/repository/org/jacoco/org.jacoco.agent/0.8.5/org.jacoco.agent-0.8.5-runtime.jar
			java.io.tmpdir = /tmp
			line.separator = 

			java.vm.specification.vendor = Oracle Corporation
			os.name = Linux
			sun.jnu.encoding = UTF-8
			java.library.path = /usr/java/packages/lib/amd64:/usr/lib/x86_64-linux-gnu/jni:/lib/x86_64-linux-gnu:/usr/lib/x86_64-linux-gnu:/usr/lib/jni:/lib:/usr/lib
			surefire.test.class.path = /orange/data/eclipse-workspace/scoopi/engine/target/test-classes:/orange/data/eclipse-workspace/scoopi/engine/target/engine-0.9.6-beta.jar:/home/m/.m2/repository/com/fasterxml/jackson/core/jackson-databind/2.10.1/jackson-databind-2.10.1.jar:/home/m/.m2/repository/com/fasterxml/jackson/core/jackson-annotations/2.10.1/jackson-annotations-2.10.1.jar:/home/m/.m2/repository/com/fasterxml/jackson/core/jackson-core/2.10.1/jackson-core-2.10.1.jar:/home/m/.m2/repository/com/fasterxml/jackson/dataformat/jackson-dataformat-yaml/2.10.1/jackson-dataformat-yaml-2.10.1.jar:/home/m/.m2/repository/org/yaml/snakeyaml/1.24/snakeyaml-1.24.jar:/home/m/.m2/repository/com/github/java-json-tools/json-schema-validator/2.2.11/json-schema-validator-2.2.11.jar:/home/m/.m2/repository/com/github/java-json-tools/json-schema-core/1.2.10/json-schema-core-1.2.10.jar:/home/m/.m2/repository/com/github/java-json-tools/jackson-coreutils/1.9/jackson-coreutils-1.9.jar:/home/m/.m2/repository/com/github/fge/msg-simple/1.1/msg-simple-1.1.jar:/home/m/.m2/repository/com/github/fge/btf/1.2/btf-1.2.jar:/home/m/.m2/repository/com/github/fge/uri-template/0.9/uri-template-0.9.jar:/home/m/.m2/repository/org/mozilla/rhino/1.7.7.1/rhino-1.7.7.1.jar:/home/m/.m2/repository/com/sun/mail/mailapi/1.6.1/mailapi-1.6.1.jar:/home/m/.m2/repository/javax/activation/activation/1.1/activation-1.1.jar:/home/m/.m2/repository/joda-time/joda-time/2.9.7/joda-time-2.9.7.jar:/home/m/.m2/repository/com/googlecode/libphonenumber/libphonenumber/8.0.0/libphonenumber-8.0.0.jar:/home/m/.m2/repository/com/google/code/findbugs/jsr305/3.0.2/jsr305-3.0.2.jar:/home/m/.m2/repository/net/sf/jopt-simple/jopt-simple/5.0.3/jopt-simple-5.0.3.jar:/home/m/.m2/repository/com/google/guava/guava/28.1-jre/guava-28.1-jre.jar:/home/m/.m2/repository/com/google/guava/failureaccess/1.0.1/failureaccess-1.0.1.jar:/home/m/.m2/repository/com/google/guava/listenablefuture/9999.0-empty-to-avoid-conflict-with-guava/listenablefuture-9999.0-empty-to-avoid-conflict-with-guava.jar:/home/m/.m2/repository/org/checkerframework/checker-qual/2.8.1/checker-qual-2.8.1.jar:/home/m/.m2/repository/com/google/errorprone/error_prone_annotations/2.3.2/error_prone_annotations-2.3.2.jar:/home/m/.m2/repository/com/google/j2objc/j2objc-annotations/1.3/j2objc-annotations-1.3.jar:/home/m/.m2/repository/org/codehaus/mojo/animal-sniffer-annotations/1.18/animal-sniffer-annotations-1.18.jar:/home/m/.m2/repository/junit/junit/4.12/junit-4.12.jar:/home/m/.m2/repository/org/hamcrest/hamcrest-core/1.3/hamcrest-core-1.3.jar:/home/m/.m2/repository/net/sourceforge/htmlunit/htmlunit/2.36.0/htmlunit-2.36.0.jar:/home/m/.m2/repository/xalan/xalan/2.7.2/xalan-2.7.2.jar:/home/m/.m2/repository/xalan/serializer/2.7.2/serializer-2.7.2.jar:/home/m/.m2/repository/org/apache/httpcomponents/httpmime/4.5.9/httpmime-4.5.9.jar:/home/m/.m2/repository/org/apache/httpcomponents/httpclient/4.5.9/httpclient-4.5.9.jar:/home/m/.m2/repository/org/apache/httpcomponents/httpcore/4.4.11/httpcore-4.4.11.jar:/home/m/.m2/repository/commons-codec/commons-codec/1.11/commons-codec-1.11.jar:/home/m/.m2/repository/net/sourceforge/htmlunit/htmlunit-core-js/2.36.0/htmlunit-core-js-2.36.0.jar:/home/m/.m2/repository/net/sourceforge/htmlunit/neko-htmlunit/2.36.0/neko-htmlunit-2.36.0.jar:/home/m/.m2/repository/xerces/xercesImpl/2.12.0/xercesImpl-2.12.0.jar:/home/m/.m2/repository/xml-apis/xml-apis/1.4.01/xml-apis-1.4.01.jar:/home/m/.m2/repository/net/sourceforge/htmlunit/htmlunit-cssparser/1.5.0/htmlunit-cssparser-1.5.0.jar:/home/m/.m2/repository/commons-io/commons-io/2.6/commons-io-2.6.jar:/home/m/.m2/repository/commons-logging/commons-logging/1.2/commons-logging-1.2.jar:/home/m/.m2/repository/commons-net/commons-net/3.6/commons-net-3.6.jar:/home/m/.m2/repository/org/brotli/dec/0.1.2/dec-0.1.2.jar:/home/m/.m2/repository/org/eclipse/jetty/websocket/websocket-client/9.4.20.v20190813/websocket-client-9.4.20.v20190813.jar:/home/m/.m2/repository/org/eclipse/jetty/jetty-client/9.4.20.v20190813/jetty-client-9.4.20.v20190813.jar:/home/m/.m2/repository/org/eclipse/jetty/websocket/websocket-common/9.4.20.v20190813/websocket-common-9.4.20.v20190813.jar:/home/m/.m2/repository/org/eclipse/jetty/websocket/websocket-api/9.4.20.v20190813/websocket-api-9.4.20.v20190813.jar:/home/m/.m2/repository/org/jsoup/jsoup/1.12.1/jsoup-1.12.1.jar:/home/m/.m2/repository/org/seleniumhq/selenium/selenium-server/3.141.59/selenium-server-3.141.59.jar:/home/m/.m2/repository/org/seleniumhq/selenium/selenium-java/3.141.59/selenium-java-3.141.59.jar:/home/m/.m2/repository/org/seleniumhq/selenium/selenium-api/3.141.59/selenium-api-3.141.59.jar:/home/m/.m2/repository/org/seleniumhq/selenium/selenium-chrome-driver/3.141.59/selenium-chrome-driver-3.141.59.jar:/home/m/.m2/repository/org/seleniumhq/selenium/selenium-edge-driver/3.141.59/selenium-edge-driver-3.141.59.jar:/home/m/.m2/repository/org/seleniumhq/selenium/selenium-firefox-driver/3.141.59/selenium-firefox-driver-3.141.59.jar:/home/m/.m2/repository/org/seleniumhq/selenium/selenium-ie-driver/3.141.59/selenium-ie-driver-3.141.59.jar:/home/m/.m2/repository/org/seleniumhq/selenium/selenium-opera-driver/3.141.59/selenium-opera-driver-3.141.59.jar:/home/m/.m2/repository/org/seleniumhq/selenium/selenium-remote-driver/3.141.59/selenium-remote-driver-3.141.59.jar:/home/m/.m2/repository/org/seleniumhq/selenium/selenium-safari-driver/3.141.59/selenium-safari-driver-3.141.59.jar:/home/m/.m2/repository/org/seleniumhq/selenium/selenium-support/3.141.59/selenium-support-3.141.59.jar:/home/m/.m2/repository/com/beust/jcommander/1.72/jcommander-1.72.jar:/home/m/.m2/repository/org/apache/commons/commons-exec/1.3/commons-exec-1.3.jar:/home/m/.m2/repository/org/seleniumhq/selenium/jetty-repacked/9.4.12.v20180830/jetty-repacked-9.4.12.v20180830.jar:/home/m/.m2/repository/com/squareup/okhttp3/okhttp/3.11.0/okhttp-3.11.0.jar:/home/m/.m2/repository/com/squareup/okio/okio/1.14.0/okio-1.14.0.jar:/home/m/.m2/repository/javax/servlet/javax.servlet-api/3.1.0/javax.servlet-api-3.1.0.jar:/home/m/.m2/repository/ch/qos/logback/logback-classic/1.2.3/logback-classic-1.2.3.jar:/home/m/.m2/repository/ch/qos/logback/logback-core/1.2.3/logback-core-1.2.3.jar:/home/m/.m2/repository/org/slf4j/slf4j-api/1.7.25/slf4j-api-1.7.25.jar:/home/m/.m2/repository/log4j/log4j/1.2.17/log4j-1.2.17.jar:/home/m/.m2/repository/org/datanucleus/javax.jdo/3.2.0-m12/javax.jdo-3.2.0-m12.jar:/home/m/.m2/repository/javax/transaction/transaction-api/1.1/transaction-api-1.1.jar:/home/m/.m2/repository/org/datanucleus/datanucleus-core/5.2.2/datanucleus-core-5.2.2.jar:/home/m/.m2/repository/org/datanucleus/datanucleus-api-jdo/5.2.2/datanucleus-api-jdo-5.2.2.jar:/home/m/.m2/repository/org/datanucleus/datanucleus-jdo-query/5.0.9/datanucleus-jdo-query-5.0.9.jar:/home/m/.m2/repository/org/datanucleus/datanucleus-rdbms/5.2.1/datanucleus-rdbms-5.2.1.jar:/home/m/.m2/repository/org/apache/commons/commons-dbcp2/2.7.0/commons-dbcp2-2.7.0.jar:/home/m/.m2/repository/org/hsqldb/hsqldb/2.4.1/hsqldb-2.4.1.jar:/home/m/.m2/repository/org/mariadb/jdbc/mariadb-java-client/2.2.5/mariadb-java-client-2.2.5.jar:/home/m/.m2/repository/mysql/mysql-connector-java/5.1.43/mysql-connector-java-5.1.43.jar:/home/m/.m2/repository/com/google/code/gson/gson/2.8.6/gson-2.8.6.jar:/home/m/.m2/repository/org/apache/commons/commons-configuration2/2.6/commons-configuration2-2.6.jar:/home/m/.m2/repository/commons-beanutils/commons-beanutils/1.9.4/commons-beanutils-1.9.4.jar:/home/m/.m2/repository/commons-collections/commons-collections/3.2.2/commons-collections-3.2.2.jar:/home/m/.m2/repository/org/apache/commons/commons-lang3/3.9/commons-lang3-3.9.jar:/home/m/.m2/repository/org/apache/commons/commons-text/1.8/commons-text-1.8.jar:/home/m/.m2/repository/commons-validator/commons-validator/1.6/commons-validator-1.6.jar:/home/m/.m2/repository/commons-digester/commons-digester/1.8.1/commons-digester-1.8.1.jar:/home/m/.m2/repository/org/apache/commons/commons-csv/1.7/commons-csv-1.7.jar:/home/m/.m2/repository/org/apache/commons/commons-pool2/2.7.0/commons-pool2-2.7.0.jar:/home/m/.m2/repository/net/jcip/jcip-annotations/1.0/jcip-annotations-1.0.jar:/home/m/.m2/repository/org/mockito/mockito-core/3.1.0/mockito-core-3.1.0.jar:/home/m/.m2/repository/org/objenesis/objenesis/2.6/objenesis-2.6.jar:/home/m/.m2/repository/org/mockito/mockito-inline/3.1.0/mockito-inline-3.1.0.jar:/home/m/.m2/repository/net/bytebuddy/byte-buddy/1.9.10/byte-buddy-1.9.10.jar:/home/m/.m2/repository/net/bytebuddy/byte-buddy-agent/1.9.10/byte-buddy-agent-1.9.10.jar:/home/m/.m2/repository/org/assertj/assertj-core/3.14.0/assertj-core-3.14.0.jar:/home/m/.m2/repository/com/google/inject/guice/4.2.2/guice-4.2.2.jar:/home/m/.m2/repository/javax/inject/javax.inject/1/javax.inject-1.jar:/home/m/.m2/repository/aopalliance/aopalliance/1.0/aopalliance-1.0.jar:/home/m/.m2/repository/com/google/inject/extensions/guice-assistedinject/4.2.2/guice-assistedinject-4.2.2.jar:/home/m/.m2/repository/org/eclipse/jetty/jetty-webapp/9.4.14.v20181114/jetty-webapp-9.4.14.v20181114.jar:/home/m/.m2/repository/org/eclipse/jetty/jetty-xml/9.4.14.v20181114/jetty-xml-9.4.14.v20181114.jar:/home/m/.m2/repository/org/eclipse/jetty/jetty-servlet/9.4.14.v20181114/jetty-servlet-9.4.14.v20181114.jar:/home/m/.m2/repository/org/eclipse/jetty/jetty-security/9.4.14.v20181114/jetty-security-9.4.14.v20181114.jar:/home/m/.m2/repository/org/eclipse/jetty/jetty-server/9.4.14.v20181114/jetty-server-9.4.14.v20181114.jar:/home/m/.m2/repository/org/eclipse/jetty/jetty-servlets/9.4.14.v20181114/jetty-servlets-9.4.14.v20181114.jar:/home/m/.m2/repository/org/eclipse/jetty/jetty-continuation/9.4.14.v20181114/jetty-continuation-9.4.14.v20181114.jar:/home/m/.m2/repository/org/eclipse/jetty/jetty-http/9.4.14.v20181114/jetty-http-9.4.14.v20181114.jar:/home/m/.m2/repository/org/eclipse/jetty/jetty-util/9.4.14.v20181114/jetty-util-9.4.14.v20181114.jar:/home/m/.m2/repository/org/eclipse/jetty/jetty-io/9.4.14.v20181114/jetty-io-9.4.14.v20181114.jar:/home/m/.m2/repository/io/dropwizard/metrics/metrics-core/4.1.1/metrics-core-4.1.1.jar:/home/m/.m2/repository/io/dropwizard/metrics/metrics-servlets/4.1.1/metrics-servlets-4.1.1.jar:/home/m/.m2/repository/io/dropwizard/metrics/metrics-healthchecks/4.1.1/metrics-healthchecks-4.1.1.jar:/home/m/.m2/repository/io/dropwizard/metrics/metrics-json/4.1.1/metrics-json-4.1.1.jar:/home/m/.m2/repository/io/dropwizard/metrics/metrics-jvm/4.1.1/metrics-jvm-4.1.1.jar:/home/m/.m2/repository/com/helger/profiler/1.1.1/profiler-1.1.1.jar:
			java.specification.name = Java Platform API Specification
			java.class.version = 52.0
			sun.management.compiler = HotSpot 64-Bit Tiered Compilers
			os.version = 5.0.0-36-generic
			user.home = /home/m
			user.timezone = Asia/Kolkata
			java.awt.printerjob = sun.print.PSPrinterJob
			file.encoding = UTF-8
			java.specification.version = 1.8
			user.name = m
			java.class.path = /orange/data/eclipse-workspace/scoopi/engine/target/test-classes:/orange/data/eclipse-workspace/scoopi/engine/target/engine-0.9.6-beta.jar:/home/m/.m2/repository/com/fasterxml/jackson/core/jackson-databind/2.10.1/jackson-databind-2.10.1.jar:/home/m/.m2/repository/com/fasterxml/jackson/core/jackson-annotations/2.10.1/jackson-annotations-2.10.1.jar:/home/m/.m2/repository/com/fasterxml/jackson/core/jackson-core/2.10.1/jackson-core-2.10.1.jar:/home/m/.m2/repository/com/fasterxml/jackson/dataformat/jackson-dataformat-yaml/2.10.1/jackson-dataformat-yaml-2.10.1.jar:/home/m/.m2/repository/org/yaml/snakeyaml/1.24/snakeyaml-1.24.jar:/home/m/.m2/repository/com/github/java-json-tools/json-schema-validator/2.2.11/json-schema-validator-2.2.11.jar:/home/m/.m2/repository/com/github/java-json-tools/json-schema-core/1.2.10/json-schema-core-1.2.10.jar:/home/m/.m2/repository/com/github/java-json-tools/jackson-coreutils/1.9/jackson-coreutils-1.9.jar:/home/m/.m2/repository/com/github/fge/msg-simple/1.1/msg-simple-1.1.jar:/home/m/.m2/repository/com/github/fge/btf/1.2/btf-1.2.jar:/home/m/.m2/repository/com/github/fge/uri-template/0.9/uri-template-0.9.jar:/home/m/.m2/repository/org/mozilla/rhino/1.7.7.1/rhino-1.7.7.1.jar:/home/m/.m2/repository/com/sun/mail/mailapi/1.6.1/mailapi-1.6.1.jar:/home/m/.m2/repository/javax/activation/activation/1.1/activation-1.1.jar:/home/m/.m2/repository/joda-time/joda-time/2.9.7/joda-time-2.9.7.jar:/home/m/.m2/repository/com/googlecode/libphonenumber/libphonenumber/8.0.0/libphonenumber-8.0.0.jar:/home/m/.m2/repository/com/google/code/findbugs/jsr305/3.0.2/jsr305-3.0.2.jar:/home/m/.m2/repository/net/sf/jopt-simple/jopt-simple/5.0.3/jopt-simple-5.0.3.jar:/home/m/.m2/repository/com/google/guava/guava/28.1-jre/guava-28.1-jre.jar:/home/m/.m2/repository/com/google/guava/failureaccess/1.0.1/failureaccess-1.0.1.jar:/home/m/.m2/repository/com/google/guava/listenablefuture/9999.0-empty-to-avoid-conflict-with-guava/listenablefuture-9999.0-empty-to-avoid-conflict-with-guava.jar:/home/m/.m2/repository/org/checkerframework/checker-qual/2.8.1/checker-qual-2.8.1.jar:/home/m/.m2/repository/com/google/errorprone/error_prone_annotations/2.3.2/error_prone_annotations-2.3.2.jar:/home/m/.m2/repository/com/google/j2objc/j2objc-annotations/1.3/j2objc-annotations-1.3.jar:/home/m/.m2/repository/org/codehaus/mojo/animal-sniffer-annotations/1.18/animal-sniffer-annotations-1.18.jar:/home/m/.m2/repository/junit/junit/4.12/junit-4.12.jar:/home/m/.m2/repository/org/hamcrest/hamcrest-core/1.3/hamcrest-core-1.3.jar:/home/m/.m2/repository/net/sourceforge/htmlunit/htmlunit/2.36.0/htmlunit-2.36.0.jar:/home/m/.m2/repository/xalan/xalan/2.7.2/xalan-2.7.2.jar:/home/m/.m2/repository/xalan/serializer/2.7.2/serializer-2.7.2.jar:/home/m/.m2/repository/org/apache/httpcomponents/httpmime/4.5.9/httpmime-4.5.9.jar:/home/m/.m2/repository/org/apache/httpcomponents/httpclient/4.5.9/httpclient-4.5.9.jar:/home/m/.m2/repository/org/apache/httpcomponents/httpcore/4.4.11/httpcore-4.4.11.jar:/home/m/.m2/repository/commons-codec/commons-codec/1.11/commons-codec-1.11.jar:/home/m/.m2/repository/net/sourceforge/htmlunit/htmlunit-core-js/2.36.0/htmlunit-core-js-2.36.0.jar:/home/m/.m2/repository/net/sourceforge/htmlunit/neko-htmlunit/2.36.0/neko-htmlunit-2.36.0.jar:/home/m/.m2/repository/xerces/xercesImpl/2.12.0/xercesImpl-2.12.0.jar:/home/m/.m2/repository/xml-apis/xml-apis/1.4.01/xml-apis-1.4.01.jar:/home/m/.m2/repository/net/sourceforge/htmlunit/htmlunit-cssparser/1.5.0/htmlunit-cssparser-1.5.0.jar:/home/m/.m2/repository/commons-io/commons-io/2.6/commons-io-2.6.jar:/home/m/.m2/repository/commons-logging/commons-logging/1.2/commons-logging-1.2.jar:/home/m/.m2/repository/commons-net/commons-net/3.6/commons-net-3.6.jar:/home/m/.m2/repository/org/brotli/dec/0.1.2/dec-0.1.2.jar:/home/m/.m2/repository/org/eclipse/jetty/websocket/websocket-client/9.4.20.v20190813/websocket-client-9.4.20.v20190813.jar:/home/m/.m2/repository/org/eclipse/jetty/jetty-client/9.4.20.v20190813/jetty-client-9.4.20.v20190813.jar:/home/m/.m2/repository/org/eclipse/jetty/websocket/websocket-common/9.4.20.v20190813/websocket-common-9.4.20.v20190813.jar:/home/m/.m2/repository/org/eclipse/jetty/websocket/websocket-api/9.4.20.v20190813/websocket-api-9.4.20.v20190813.jar:/home/m/.m2/repository/org/jsoup/jsoup/1.12.1/jsoup-1.12.1.jar:/home/m/.m2/repository/org/seleniumhq/selenium/selenium-server/3.141.59/selenium-server-3.141.59.jar:/home/m/.m2/repository/org/seleniumhq/selenium/selenium-java/3.141.59/selenium-java-3.141.59.jar:/home/m/.m2/repository/org/seleniumhq/selenium/selenium-api/3.141.59/selenium-api-3.141.59.jar:/home/m/.m2/repository/org/seleniumhq/selenium/selenium-chrome-driver/3.141.59/selenium-chrome-driver-3.141.59.jar:/home/m/.m2/repository/org/seleniumhq/selenium/selenium-edge-driver/3.141.59/selenium-edge-driver-3.141.59.jar:/home/m/.m2/repository/org/seleniumhq/selenium/selenium-firefox-driver/3.141.59/selenium-firefox-driver-3.141.59.jar:/home/m/.m2/repository/org/seleniumhq/selenium/selenium-ie-driver/3.141.59/selenium-ie-driver-3.141.59.jar:/home/m/.m2/repository/org/seleniumhq/selenium/selenium-opera-driver/3.141.59/selenium-opera-driver-3.141.59.jar:/home/m/.m2/repository/org/seleniumhq/selenium/selenium-remote-driver/3.141.59/selenium-remote-driver-3.141.59.jar:/home/m/.m2/repository/org/seleniumhq/selenium/selenium-safari-driver/3.141.59/selenium-safari-driver-3.141.59.jar:/home/m/.m2/repository/org/seleniumhq/selenium/selenium-support/3.141.59/selenium-support-3.141.59.jar:/home/m/.m2/repository/com/beust/jcommander/1.72/jcommander-1.72.jar:/home/m/.m2/repository/org/apache/commons/commons-exec/1.3/commons-exec-1.3.jar:/home/m/.m2/repository/org/seleniumhq/selenium/jetty-repacked/9.4.12.v20180830/jetty-repacked-9.4.12.v20180830.jar:/home/m/.m2/repository/com/squareup/okhttp3/okhttp/3.11.0/okhttp-3.11.0.jar:/home/m/.m2/repository/com/squareup/okio/okio/1.14.0/okio-1.14.0.jar:/home/m/.m2/repository/javax/servlet/javax.servlet-api/3.1.0/javax.servlet-api-3.1.0.jar:/home/m/.m2/repository/ch/qos/logback/logback-classic/1.2.3/logback-classic-1.2.3.jar:/home/m/.m2/repository/ch/qos/logback/logback-core/1.2.3/logback-core-1.2.3.jar:/home/m/.m2/repository/org/slf4j/slf4j-api/1.7.25/slf4j-api-1.7.25.jar:/home/m/.m2/repository/log4j/log4j/1.2.17/log4j-1.2.17.jar:/home/m/.m2/repository/org/datanucleus/javax.jdo/3.2.0-m12/javax.jdo-3.2.0-m12.jar:/home/m/.m2/repository/javax/transaction/transaction-api/1.1/transaction-api-1.1.jar:/home/m/.m2/repository/org/datanucleus/datanucleus-core/5.2.2/datanucleus-core-5.2.2.jar:/home/m/.m2/repository/org/datanucleus/datanucleus-api-jdo/5.2.2/datanucleus-api-jdo-5.2.2.jar:/home/m/.m2/repository/org/datanucleus/datanucleus-jdo-query/5.0.9/datanucleus-jdo-query-5.0.9.jar:/home/m/.m2/repository/org/datanucleus/datanucleus-rdbms/5.2.1/datanucleus-rdbms-5.2.1.jar:/home/m/.m2/repository/org/apache/commons/commons-dbcp2/2.7.0/commons-dbcp2-2.7.0.jar:/home/m/.m2/repository/org/hsqldb/hsqldb/2.4.1/hsqldb-2.4.1.jar:/home/m/.m2/repository/org/mariadb/jdbc/mariadb-java-client/2.2.5/mariadb-java-client-2.2.5.jar:/home/m/.m2/repository/mysql/mysql-connector-java/5.1.43/mysql-connector-java-5.1.43.jar:/home/m/.m2/repository/com/google/code/gson/gson/2.8.6/gson-2.8.6.jar:/home/m/.m2/repository/org/apache/commons/commons-configuration2/2.6/commons-configuration2-2.6.jar:/home/m/.m2/repository/commons-beanutils/commons-beanutils/1.9.4/commons-beanutils-1.9.4.jar:/home/m/.m2/repository/commons-collections/commons-collections/3.2.2/commons-collections-3.2.2.jar:/home/m/.m2/repository/org/apache/commons/commons-lang3/3.9/commons-lang3-3.9.jar:/home/m/.m2/repository/org/apache/commons/commons-text/1.8/commons-text-1.8.jar:/home/m/.m2/repository/commons-validator/commons-validator/1.6/commons-validator-1.6.jar:/home/m/.m2/repository/commons-digester/commons-digester/1.8.1/commons-digester-1.8.1.jar:/home/m/.m2/repository/org/apache/commons/commons-csv/1.7/commons-csv-1.7.jar:/home/m/.m2/repository/org/apache/commons/commons-pool2/2.7.0/commons-pool2-2.7.0.jar:/home/m/.m2/repository/net/jcip/jcip-annotations/1.0/jcip-annotations-1.0.jar:/home/m/.m2/repository/org/mockito/mockito-core/3.1.0/mockito-core-3.1.0.jar:/home/m/.m2/repository/org/objenesis/objenesis/2.6/objenesis-2.6.jar:/home/m/.m2/repository/org/mockito/mockito-inline/3.1.0/mockito-inline-3.1.0.jar:/home/m/.m2/repository/net/bytebuddy/byte-buddy/1.9.10/byte-buddy-1.9.10.jar:/home/m/.m2/repository/net/bytebuddy/byte-buddy-agent/1.9.10/byte-buddy-agent-1.9.10.jar:/home/m/.m2/repository/org/assertj/assertj-core/3.14.0/assertj-core-3.14.0.jar:/home/m/.m2/repository/com/google/inject/guice/4.2.2/guice-4.2.2.jar:/home/m/.m2/repository/javax/inject/javax.inject/1/javax.inject-1.jar:/home/m/.m2/repository/aopalliance/aopalliance/1.0/aopalliance-1.0.jar:/home/m/.m2/repository/com/google/inject/extensions/guice-assistedinject/4.2.2/guice-assistedinject-4.2.2.jar:/home/m/.m2/repository/org/eclipse/jetty/jetty-webapp/9.4.14.v20181114/jetty-webapp-9.4.14.v20181114.jar:/home/m/.m2/repository/org/eclipse/jetty/jetty-xml/9.4.14.v20181114/jetty-xml-9.4.14.v20181114.jar:/home/m/.m2/repository/org/eclipse/jetty/jetty-servlet/9.4.14.v20181114/jetty-servlet-9.4.14.v20181114.jar:/home/m/.m2/repository/org/eclipse/jetty/jetty-security/9.4.14.v20181114/jetty-security-9.4.14.v20181114.jar:/home/m/.m2/repository/org/eclipse/jetty/jetty-server/9.4.14.v20181114/jetty-server-9.4.14.v20181114.jar:/home/m/.m2/repository/org/eclipse/jetty/jetty-servlets/9.4.14.v20181114/jetty-servlets-9.4.14.v20181114.jar:/home/m/.m2/repository/org/eclipse/jetty/jetty-continuation/9.4.14.v20181114/jetty-continuation-9.4.14.v20181114.jar:/home/m/.m2/repository/org/eclipse/jetty/jetty-http/9.4.14.v20181114/jetty-http-9.4.14.v20181114.jar:/home/m/.m2/repository/org/eclipse/jetty/jetty-util/9.4.14.v20181114/jetty-util-9.4.14.v20181114.jar:/home/m/.m2/repository/org/eclipse/jetty/jetty-io/9.4.14.v20181114/jetty-io-9.4.14.v20181114.jar:/home/m/.m2/repository/io/dropwizard/metrics/metrics-core/4.1.1/metrics-core-4.1.1.jar:/home/m/.m2/repository/io/dropwizard/metrics/metrics-servlets/4.1.1/metrics-servlets-4.1.1.jar:/home/m/.m2/repository/io/dropwizard/metrics/metrics-healthchecks/4.1.1/metrics-healthchecks-4.1.1.jar:/home/m/.m2/repository/io/dropwizard/metrics/metrics-json/4.1.1/metrics-json-4.1.1.jar:/home/m/.m2/repository/io/dropwizard/metrics/metrics-jvm/4.1.1/metrics-jvm-4.1.1.jar:/home/m/.m2/repository/com/helger/profiler/1.1.1/profiler-1.1.1.jar:
			java.vm.specification.version = 1.8
			sun.arch.data.model = 64
			java.home = /usr/lib/jvm/java-8-openjdk-amd64/jre
			sun.java.command = /orange/data/eclipse-workspace/scoopi/engine/target/surefire/surefirebooter6290382390074835773.jar /orange/data/eclipse-workspace/scoopi/engine/target/surefire 2019-11-18T11-03-16_094-jvmRun1 surefire4099957400483968691tmp surefire_08679727486177121208tmp
			java.specification.vendor = Oracle Corporation
			user.language = en
			awt.toolkit = sun.awt.X11.XToolkit
			java.vm.info = mixed mode
			java.version = 1.8.0_222
			java.ext.dirs = /usr/lib/jvm/java-8-openjdk-amd64/jre/lib/ext:/usr/java/packages/lib/ext
			sun.boot.class.path = /usr/lib/jvm/java-8-openjdk-amd64/jre/lib/resources.jar:/usr/lib/jvm/java-8-openjdk-amd64/jre/lib/rt.jar:/usr/lib/jvm/java-8-openjdk-amd64/jre/lib/sunrsasign.jar:/usr/lib/jvm/java-8-openjdk-amd64/jre/lib/jsse.jar:/usr/lib/jvm/java-8-openjdk-amd64/jre/lib/jce.jar:/usr/lib/jvm/java-8-openjdk-amd64/jre/lib/charsets.jar:/usr/lib/jvm/java-8-openjdk-amd64/jre/lib/jfr.jar:/usr/lib/jvm/java-8-openjdk-amd64/jre/classes
			java.vendor = Private Build
			localRepository = /home/m/.m2/repository
			file.separator = /
			java.vendor.url.bug = http://bugreport.sun.com/bugreport/
			sun.cpu.endian = little
			sun.io.unicode.encoding = UnicodeLittle
			sun.desktop = gnome
			sun.cpu.isalist = 

ConfigService:76     [DEBUG]  PROVIDED

ConfigService:77     [DEBUG]  DEFAULTS
			scoopi.propertyPattern = scoopi/properties/property
			scoopi.defs.dir = /defs/examples/fin/jsoup/quickstart
			scoopi.defs.defaultStepsFile = /steps-default.yml
			scoopi.defs.defaultSteps = jsoupDefault
			scoopi.defs.definedSchema = /schema/defs-defined.json
			scoopi.defs.effectiveSchema = /schema/defs-effective.json
			scoopi.fact.replaceBlank = true
			scoopi.fact.replaceWith = -
			scoopi.seederClass = org.codetab.scoopi.step.extract.LocatorSeeder
			scoopi.poolsize.start = 4
			scoopi.poolsize.seeder = 6
			scoopi.poolsize.loader = 4
			scoopi.poolsize.parser = 4
			scoopi.poolsize.process = 4
			scoopi.poolsize.filter = 4
			scoopi.poolsize.appender = 2
			scoopi.appender.queuesize = 4096
			scoopi.webClient.timeout = 120000
			scoopi.webClient.userAgent = Mozilla/5.0 (X11; Linux x86_64; rv:50.0) Gecko/20100101 Firefox/50.0
			scoopi.webDriver.driverPath = .gecko/geckodriver
			scoopi.webDriver.log = geckodriver.log
			scoopi.webDriver.waitType = explicit
			scoopi.webDriver.timeout.explicitWait = 10
			scoopi.webDriver.timeout.implicitWait = 10
			scoopi.highDate = 31-12-2037 23:59:59.999
			scoopi.dateParsePattern = [dd-MM-yyyy, dd/MM/yyyy]
			scoopi.dateTimeParsePattern = [dd-MM-yyyy HH:mm:ss.SSS, dd/MM/yyyy HH:mm:ss.SSS]
			scoopi.wait = false
			scoopi.fork.locator = 0
			scoopi.useDatastore = true
			scoopi.datastore.name = datastore
			scoopi.datastore.orm = jdo
			scoopi.datastore.configFile = jdoconfig.properties
			scoopi.persist.dataDef = true
			scoopi.persist.locator = true
			scoopi.persist.data = true
			scoopi.metrics.server.enable = true
			scoopi.metrics.server.port = 9010

ConfigService:78     [DEBUG]  config service initialized
ConfigService:79     [INFO]   config precedence: system, user defined, deaults
ConfigService:80     [INFO]   use scoopi.properties or system property to override defaults
PMF:92               [INFO]   initalize JDO PMF
PMF:102              [INFO]    initialized JDO PMF
PMF:103              [DEBUG]  PMF properties 
			datanucleus.schema.autoCreateAll=true
			datanucleus.connectionPool.maxActive=10
			javax.jdo.option.ConnectionPassword=bar
			javax.jdo.option.Mapping=mysql
			datanucleus.persistenceByReachabilityAtCommit=false
			datanucleus.generateSchema.database.mode=none
			datanucleus.metadata.validate=false
			javax.jdo.option.ConnectionURL=jdbc:mariadb://localhost:3306/scoopitest
			javax.jdo.option.ConnectionDriverName=org.mariadb.jdbc.Driver
			datanucleus.connectionPool.testSQL=SELECT count(*) FROM INFORMATION_SCHEMA.TABLES
			javax.jdo.option.RetainValues=true
			javax.jdo.option.ConnectionUserName=foo
			datanucleus.connectionPool.minIdle=10
			datanucleus.connectionPool.maxIdle=10
			datanucleus.cache.level2.type=soft
			javax.jdo.PersistenceManagerFactoryClass=org.datanucleus.api.jdo.JDOPersistenceManagerFactory
			datanucleus.connectionPool.maxWait=60
			datanucleus.connectionPoolingType=DBCP2

